

*******************************************************************************
Wed Feb 24 13:48:40 2016


FIT:    data read from "Output/Cascade_Spectrum_Folder/Spectrum_total_photons_m2e+06_z4256.43_triangular.dat" using 1:2
        format = x:z
        x range restricted to [1.00000 : 1000.00]
        #datapoints = 100
        residuals are weighted equally (unit weight)

function used for fitting: f1(x)
fitted parameters initialized with current variable values



 Iteration 0
 WSSR        : 9.98939e+66       delta(WSSR)/WSSR   : 0
 delta(WSSR) : 0                 limit for stopping : 1e-05
 lambda	  : 1237.59

initial set of free parameter values

a               = 1
b               = 1

After 7 iterations the fit converged.
final sum of squares of residuals : 8.85013e+66
rel. change during last iteration : -2.48073e-13

degrees of freedom    (FIT_NDF)                        : 98
rms of residuals      (FIT_STDFIT) = sqrt(WSSR/ndf)    : 3.00512e+32
variance of residuals (reduced chisquare) = WSSR/ndf   : 9.03074e+64

BREAK:          Singular matrix in Invert_RtR



*******************************************************************************
Wed Feb 24 13:49:40 2016


FIT:    data read from "Output/Cascade_Spectrum_Folder/Spectrum_total_photons_m2e+06_z4256.43_triangular.dat" using 1:2
        format = x:z
        x range restricted to [1.00000 : 1000.00]
        #datapoints = 100
        residuals are weighted equally (unit weight)

function used for fitting: f1(x)
fitted parameters initialized with current variable values



 Iteration 0
 WSSR        : 9.98939e+66       delta(WSSR)/WSSR   : 0
 delta(WSSR) : 0                 limit for stopping : 1e-05
 lambda	  : 1237.59

initial set of free parameter values

a               = 1
b               = 1

After 7 iterations the fit converged.
final sum of squares of residuals : 8.85013e+66
rel. change during last iteration : -2.48073e-13

degrees of freedom    (FIT_NDF)                        : 98
rms of residuals      (FIT_STDFIT) = sqrt(WSSR/ndf)    : 3.00512e+32
variance of residuals (reduced chisquare) = WSSR/ndf   : 9.03074e+64

BREAK:          Singular matrix in Invert_RtR



*******************************************************************************
Wed Feb 24 13:49:56 2016


FIT:    data read from "Output/Cascade_Spectrum_Folder/Spectrum_total_photons_m2e+06_z4256.43_triangular.dat" using 1:2
        format = x:z
        x range restricted to [1.00000 : 1000.00]
        #datapoints = 100
        residuals are weighted equally (unit weight)

function used for fitting: f1(x)
fitted parameters initialized with current variable values



 Iteration 0
 WSSR        : 9.98939e+66       delta(WSSR)/WSSR   : 0
 delta(WSSR) : 0                 limit for stopping : 1e-05
 lambda	  : 1237.59

initial set of free parameter values

a               = 1
b               = 1

After 7 iterations the fit converged.
final sum of squares of residuals : 8.85013e+66
rel. change during last iteration : -2.48073e-13

degrees of freedom    (FIT_NDF)                        : 98
rms of residuals      (FIT_STDFIT) = sqrt(WSSR/ndf)    : 3.00512e+32
variance of residuals (reduced chisquare) = WSSR/ndf   : 9.03074e+64

BREAK:          Singular matrix in Invert_RtR



*******************************************************************************
Wed Feb 24 13:50:07 2016


FIT:    data read from "Output/Cascade_Spectrum_Folder/Spectrum_total_photons_m2e+06_z4256.43_triangular.dat" using 1:2
        format = x:z
        x range restricted to [10.0000 : 100.000]
        #datapoints = 33
        residuals are weighted equally (unit weight)

function used for fitting: f1(x)
fitted parameters initialized with current variable values



 Iteration 0
 WSSR        : 3.26074e+65       delta(WSSR)/WSSR   : 0
 delta(WSSR) : 0                 limit for stopping : 1e-05
 lambda	  : 142.573

initial set of free parameter values

a               = 1
b               = 1

The maximum lambda = 1.000000e+20 was exceeded. Fit stopped.
final sum of squares of residuals : 3.26074e+65
rel. change during last iteration : 0

degrees of freedom    (FIT_NDF)                        : 31
rms of residuals      (FIT_STDFIT) = sqrt(WSSR/ndf)    : 1.0256e+32
variance of residuals (reduced chisquare) = WSSR/ndf   : 1.05185e+64

Final set of parameters            Asymptotic Standard Error
=======================            ==========================

a               = 1                +/- 3.577e+30    (3.577e+32%)
b               = 1                +/- 8.575e+29    (8.575e+31%)


correlation matrix of the fit parameters:

               a      b      
a               1.000 
b              -0.994  1.000 


*******************************************************************************
Wed Feb 24 13:50:07 2016


FIT:    data read from "Output/Cascade_Spectrum_Folder/Spectrum_total_photons_m2e+06_z4256.43_triangular.dat" using 1:2
        format = x:z
        x range restricted to [1000.00 : 2000.00]
        #datapoints = 10
        residuals are weighted equally (unit weight)

function used for fitting: f2(x)
fitted parameters initialized with current variable values



 Iteration 0
 WSSR        : 2.42111e+62       delta(WSSR)/WSSR   : 0
 delta(WSSR) : 0                 limit for stopping : 1e-05
 lambda	  : 7729.77

initial set of free parameter values

c               = 1
d               = 1

The maximum lambda = 1.000000e+20 was exceeded. Fit stopped.
final sum of squares of residuals : 2.42111e+62
rel. change during last iteration : 0

degrees of freedom    (FIT_NDF)                        : 8
rms of residuals      (FIT_STDFIT) = sqrt(WSSR/ndf)    : 5.50126e+30
variance of residuals (reduced chisquare) = WSSR/ndf   : 3.02639e+61

Final set of parameters            Asymptotic Standard Error
=======================            ==========================

c               = 1                +/- 4.543e+28    (4.543e+30%)
d               = 1                +/- 6.171e+27    (6.171e+29%)


correlation matrix of the fit parameters:

               c      d      
c               1.000 
d              -1.000  1.000 


*******************************************************************************
Wed Feb 24 13:50:48 2016


FIT:    data read from "Output/Cascade_Spectrum_Folder/Spectrum_total_photons_m2e+06_z4256.43_triangular.dat" using 1:(log10($2))
        format = x:z
        x range restricted to [10.0000 : 100.000]
        #datapoints = 33
        residuals are weighted equally (unit weight)

function used for fitting: f1(x)
fitted parameters initialized with current variable values



 Iteration 0
 WSSR        : 23263             delta(WSSR)/WSSR   : 0
 delta(WSSR) : 0                 limit for stopping : 1e-05
 lambda	  : 142.573

initial set of free parameter values

a               = 1
b               = 1

After 51 iterations the fit converged.
final sum of squares of residuals : 0.00404366
rel. change during last iteration : -4.45998e-06

degrees of freedom    (FIT_NDF)                        : 31
rms of residuals      (FIT_STDFIT) = sqrt(WSSR/ndf)    : 0.0114211
variance of residuals (reduced chisquare) = WSSR/ndf   : 0.000130441

Final set of parameters            Asymptotic Standard Error
=======================            ==========================

a               = 33.0194          +/- 0.01097      (0.03323%)
b               = -0.00986439      +/- 9.426e-05    (0.9556%)


correlation matrix of the fit parameters:

               a      b      
a               1.000 
b              -0.982  1.000 


*******************************************************************************
Wed Feb 24 13:50:48 2016


FIT:    data read from "Output/Cascade_Spectrum_Folder/Spectrum_total_photons_m2e+06_z4256.43_triangular.dat" using 1:(log10($2))
        format = x:z
        x range restricted to [1000.00 : 2000.00]
        #datapoints = 10
        residuals are weighted equally (unit weight)

function used for fitting: f2(x)
fitted parameters initialized with current variable values



 Iteration 0
 WSSR        : 2.07764e+07       delta(WSSR)/WSSR   : 0
 delta(WSSR) : 0                 limit for stopping : 1e-05
 lambda	  : 7729.77

initial set of free parameter values

c               = 1
d               = 1

After 248 iterations the fit converged.
final sum of squares of residuals : 0.000239288
rel. change during last iteration : -1.79199e-13

degrees of freedom    (FIT_NDF)                        : 8
rms of residuals      (FIT_STDFIT) = sqrt(WSSR/ndf)    : 0.0054691
variance of residuals (reduced chisquare) = WSSR/ndf   : 2.99111e-05

Final set of parameters            Asymptotic Standard Error
=======================            ==========================

c               = 33.5789          +/- 0.06889      (0.2052%)
d               = -0.0124498       +/- 0.0002827    (2.271%)


correlation matrix of the fit parameters:

               c      d      
c               1.000 
d              -1.000  1.000 


*******************************************************************************
Wed Feb 24 13:51:16 2016


FIT:    data read from "Output/Cascade_Spectrum_Folder/Spectrum_total_photons_m2e+06_z4256.43_triangular.dat" using 1:(log10($2))
        format = x:z
        x range restricted to [10.0000 : 100.000]
        #datapoints = 33
        residuals are weighted equally (unit weight)

function used for fitting: f1(x)
fitted parameters initialized with current variable values



 Iteration 0
 WSSR        : 23263             delta(WSSR)/WSSR   : 0
 delta(WSSR) : 0                 limit for stopping : 1e-05
 lambda	  : 142.573

initial set of free parameter values

a               = 1
b               = 1

After 51 iterations the fit converged.
final sum of squares of residuals : 0.00404366
rel. change during last iteration : -4.45998e-06

degrees of freedom    (FIT_NDF)                        : 31
rms of residuals      (FIT_STDFIT) = sqrt(WSSR/ndf)    : 0.0114211
variance of residuals (reduced chisquare) = WSSR/ndf   : 0.000130441

Final set of parameters            Asymptotic Standard Error
=======================            ==========================

a               = 33.0194          +/- 0.01097      (0.03323%)
b               = -0.00986439      +/- 9.426e-05    (0.9556%)


correlation matrix of the fit parameters:

               a      b      
a               1.000 
b              -0.982  1.000 


*******************************************************************************
Wed Feb 24 13:51:16 2016


FIT:    data read from "Output/Cascade_Spectrum_Folder/Spectrum_total_photons_m2e+06_z4256.43_triangular.dat" using 1:(log10($2))
        format = x:z
        x range restricted to [5000.00 : 10000.0]
        #datapoints = 10
        residuals are weighted equally (unit weight)

function used for fitting: f2(x)
fitted parameters initialized with current variable values



 Iteration 0
 WSSR        : 5.23655e+08       delta(WSSR)/WSSR   : 0
 delta(WSSR) : 0                 limit for stopping : 1e-05
 lambda	  : 46367.5

initial set of free parameter values

c               = 1
d               = 1

After 310 iterations the fit converged.
final sum of squares of residuals : 0.00493738
rel. change during last iteration : -2.09549e-06

degrees of freedom    (FIT_NDF)                        : 8
rms of residuals      (FIT_STDFIT) = sqrt(WSSR/ndf)    : 0.024843
variance of residuals (reduced chisquare) = WSSR/ndf   : 0.000617173

Final set of parameters            Asymptotic Standard Error
=======================            ==========================

c               = 54.574           +/- 0.6577       (1.205%)
d               = -0.0716721       +/- 0.001362     (1.901%)


correlation matrix of the fit parameters:

               c      d      
c               1.000 
d              -1.000  1.000 


*******************************************************************************
Wed Feb 24 13:52:47 2016


FIT:    data read from "Output/Cascade_Spectrum_Folder/Spectrum_total_photons_m2e+06_z4256.43_triangular.dat" using 1:(log10($2))
        format = x:z
        x range restricted to [10.0000 : 100.000]
        #datapoints = 33
        residuals are weighted equally (unit weight)

function used for fitting: f1(x)
fitted parameters initialized with current variable values



 Iteration 0
 WSSR        : 23809.1           delta(WSSR)/WSSR   : 0
 delta(WSSR) : 0                 limit for stopping : 1e-05
 lambda	  : 33.2408

initial set of free parameter values

a               = 1
b               = 1

After 5 iterations the fit converged.
final sum of squares of residuals : 0.076103
rel. change during last iteration : -6.26159e-08

degrees of freedom    (FIT_NDF)                        : 31
rms of residuals      (FIT_STDFIT) = sqrt(WSSR/ndf)    : 0.0495473
variance of residuals (reduced chisquare) = WSSR/ndf   : 0.00245493

Final set of parameters            Asymptotic Standard Error
=======================            ==========================

a               = -0.00805216      +/- 0.0003425    (4.253%)
b               = 32.2281          +/- 0.0161       (0.04994%)


correlation matrix of the fit parameters:

               a      b      
a               1.000 
b              -0.844  1.000 


*******************************************************************************
Wed Feb 24 13:52:47 2016


FIT:    data read from "Output/Cascade_Spectrum_Folder/Spectrum_total_photons_m2e+06_z4256.43_triangular.dat" using 1:(log10($2))
        format = x:z
        x range restricted to [5000.00 : 10000.0]
        #datapoints = 10
        residuals are weighted equally (unit weight)

function used for fitting: f2(x)
fitted parameters initialized with current variable values



 Iteration 0
 WSSR        : 5.23797e+08       delta(WSSR)/WSSR   : 0
 delta(WSSR) : 0                 limit for stopping : 1e-05
 lambda	  : 5136.92

initial set of free parameter values

c               = 1
d               = 1

After 8 iterations the fit converged.
final sum of squares of residuals : 0.00279105
rel. change during last iteration : -4.62697e-09

degrees of freedom    (FIT_NDF)                        : 8
rms of residuals      (FIT_STDFIT) = sqrt(WSSR/ndf)    : 0.0186784
variance of residuals (reduced chisquare) = WSSR/ndf   : 0.000348881

Final set of parameters            Asymptotic Standard Error
=======================            ==========================

c               = -0.000292605     +/- 4.175e-06    (1.427%)
d               = 31.0255          +/- 0.03033      (0.09775%)


correlation matrix of the fit parameters:

               c      d      
c               1.000 
d              -0.981  1.000 


*******************************************************************************
Wed Feb 24 13:55:43 2016


FIT:    data read from "Output/Cascade_Spectrum_Folder/Spectrum_total_photons_m2e+06_z4256.43_triangular.dat" using 1:(log10($2))
        format = x:z
        x range restricted to [10.0000 : 100.000]
        #datapoints = 33
        residuals are weighted equally (unit weight)

function used for fitting: f1(x)
fitted parameters initialized with current variable values



 Iteration 0
 WSSR        : 0.076103          delta(WSSR)/WSSR   : 0
 delta(WSSR) : 0                 limit for stopping : 1e-05
 lambda	  : 33.2408

initial set of free parameter values

a               = -0.00805216
b               = 32.2281

After 1 iterations the fit converged.
final sum of squares of residuals : 0.076103
rel. change during last iteration : -1.27649e-15

degrees of freedom    (FIT_NDF)                        : 31
rms of residuals      (FIT_STDFIT) = sqrt(WSSR/ndf)    : 0.0495473
variance of residuals (reduced chisquare) = WSSR/ndf   : 0.00245493

Final set of parameters            Asymptotic Standard Error
=======================            ==========================

a               = -0.00805216      +/- 0.0003425    (4.253%)
b               = 32.2281          +/- 0.0161       (0.04994%)


correlation matrix of the fit parameters:

               a      b      
a               1.000 
b              -0.844  1.000 


*******************************************************************************
Wed Feb 24 13:55:43 2016


FIT:    data read from "Output/Cascade_Spectrum_Folder/Spectrum_total_photons_m2e+06_z4256.43_triangular.dat" using 1:(log10($2))
        format = x:z
        x range restricted to [5000.00 : 10000.0]
        #datapoints = 10
        residuals are weighted equally (unit weight)

function used for fitting: f2(x)
fitted parameters initialized with current variable values



 Iteration 0
 WSSR        : 0.00279105        delta(WSSR)/WSSR   : 0
 delta(WSSR) : 0                 limit for stopping : 1e-05
 lambda	  : 5136.92

initial set of free parameter values

c               = -0.000292605
d               = 31.0255

The maximum lambda = 1.000000e+20 was exceeded. Fit stopped.
final sum of squares of residuals : 0.00279105
rel. change during last iteration : 0

degrees of freedom    (FIT_NDF)                        : 8
rms of residuals      (FIT_STDFIT) = sqrt(WSSR/ndf)    : 0.0186784
variance of residuals (reduced chisquare) = WSSR/ndf   : 0.000348881

Final set of parameters            Asymptotic Standard Error
=======================            ==========================

c               = -0.000292605     +/- 4.175e-06    (1.427%)
d               = 31.0255          +/- 0.03033      (0.09775%)


correlation matrix of the fit parameters:

               c      d      
c               1.000 
d              -0.981  1.000 


*******************************************************************************
Wed Feb 24 13:55:50 2016


FIT:    data read from "Output/Cascade_Spectrum_Folder/Spectrum_total_photons_m2e+06_z4256.43_triangular.dat" using 1:(log10($2))
        format = x:z
        x range restricted to [10.0000 : 100.000]
        #datapoints = 33
        residuals are weighted equally (unit weight)

function used for fitting: f1(x)
fitted parameters initialized with current variable values



 Iteration 0
 WSSR        : 23809.1           delta(WSSR)/WSSR   : 0
 delta(WSSR) : 0                 limit for stopping : 1e-05
 lambda	  : 33.2408

initial set of free parameter values

a               = 1
b               = 1

After 5 iterations the fit converged.
final sum of squares of residuals : 0.076103
rel. change during last iteration : -6.26159e-08

degrees of freedom    (FIT_NDF)                        : 31
rms of residuals      (FIT_STDFIT) = sqrt(WSSR/ndf)    : 0.0495473
variance of residuals (reduced chisquare) = WSSR/ndf   : 0.00245493

Final set of parameters            Asymptotic Standard Error
=======================            ==========================

a               = -0.00805216      +/- 0.0003425    (4.253%)
b               = 32.2281          +/- 0.0161       (0.04994%)


correlation matrix of the fit parameters:

               a      b      
a               1.000 
b              -0.844  1.000 


*******************************************************************************
Wed Feb 24 13:55:50 2016


FIT:    data read from "Output/Cascade_Spectrum_Folder/Spectrum_total_photons_m2e+06_z4256.43_triangular.dat" using 1:(log10($2))
        format = x:z
        x range restricted to [5000.00 : 10000.0]
        #datapoints = 10
        residuals are weighted equally (unit weight)

function used for fitting: f2(x)
fitted parameters initialized with current variable values



 Iteration 0
 WSSR        : 5.23797e+08       delta(WSSR)/WSSR   : 0
 delta(WSSR) : 0                 limit for stopping : 1e-05
 lambda	  : 5136.92

initial set of free parameter values

c               = 1
d               = 1

After 8 iterations the fit converged.
final sum of squares of residuals : 0.00279105
rel. change during last iteration : -4.62697e-09

degrees of freedom    (FIT_NDF)                        : 8
rms of residuals      (FIT_STDFIT) = sqrt(WSSR/ndf)    : 0.0186784
variance of residuals (reduced chisquare) = WSSR/ndf   : 0.000348881

Final set of parameters            Asymptotic Standard Error
=======================            ==========================

c               = -0.000292605     +/- 4.175e-06    (1.427%)
d               = 31.0255          +/- 0.03033      (0.09775%)


correlation matrix of the fit parameters:

               c      d      
c               1.000 
d              -0.981  1.000 
